<?xml version='1.0' encoding='UTF-8'?>
<result>
  <suites>
    <suite>
      <file>/home/mvonmaltitz/Dokumente/Masterarbeit/code/qualitygates/work/workspace/Project One/target/surefire-reports/TEST-model.UserTest.xml</file>
      <name>model.UserTest</name>
      <duration>0.009</duration>
      <cases>
        <case>
          <duration>0.009</duration>
          <className>model.UserTest</className>
          <testName>testGetLastNameWhenEmpty</testName>
          <skipped>false</skipped>
          <failedSince>0</failedSince>
        </case>
        <case>
          <duration>0.0</duration>
          <className>model.UserTest</className>
          <testName>testGetLastNameWhenNotEmpty</testName>
          <skipped>false</skipped>
          <failedSince>0</failedSince>
        </case>
        <case>
          <duration>0.0</duration>
          <className>model.UserTest</className>
          <testName>testGetFullnameSuccessfullWhenForeandLastNamespecified</testName>
          <skipped>false</skipped>
          <failedSince>0</failedSince>
        </case>
        <case>
          <duration>0.0</duration>
          <className>model.UserTest</className>
          <testName>testGetFullNameEmptyWhenForeNameEmpty</testName>
          <skipped>false</skipped>
          <failedSince>0</failedSince>
        </case>
        <case>
          <duration>0.0</duration>
          <className>model.UserTest</className>
          <testName>testGetFullNameEmptyWhenLastNameEmpty</testName>
          <skipped>false</skipped>
          <failedSince>0</failedSince>
        </case>
        <case>
          <duration>0.0</duration>
          <className>model.UserTest</className>
          <testName>testAddingNeighbourSavesGivenUserasNeighbour</testName>
          <skipped>false</skipped>
          <failedSince>0</failedSince>
        </case>
        <case>
          <duration>0.0</duration>
          <className>model.UserTest</className>
          <testName>testRemovingExistentNeighbour</testName>
          <skipped>false</skipped>
          <failedSince>0</failedSince>
        </case>
      </cases>
    </suite>
  </suites>
  <duration>0.009</duration>
  <keepLongStdio>false</keepLongStdio>
</result>